SF:lib\auth\auth_controller.dart
DA:9,20
DA:10,15
DA:13,18
DA:18,6
DA:20,24
DA:21,8
DA:22,2
DA:24,0
DA:26,24
DA:30,1
DA:31,4
DA:33,2
DA:34,0
DA:35,0
DA:38,1
DA:44,5
DA:45,5
DA:47,5
DA:48,10
DA:49,5
DA:50,10
DA:52,1
DA:53,2
DA:54,2
DA:56,0
DA:57,1
DA:61,0
DA:66,1
DA:71,1
DA:73,1
DA:74,2
DA:75,1
DA:76,2
DA:78,0
DA:79,0
DA:82,0
DA:87,2
DA:88,2
DA:89,2
DA:90,4
DA:91,2
DA:92,2
DA:93,2
DA:95,4
DA:98,2
DA:99,2
DA:100,2
DA:101,4
DA:102,2
DA:103,2
DA:104,2
DA:106,2
LF:52
LH:44
end_of_record
SF:lib\auth\auth_state.dart
DA:4,7
DA:6,0
DA:7,1
DA:8,1
DA:12,0
DA:16,3
DA:20,5
DA:28,4
DA:34,3
LF:9
LH:7
end_of_record
SF:lib\models\app_user.dart
DA:2,2
DA:14,1
DA:15,1
DA:16,2
DA:17,2
DA:18,2
DA:19,2
LF:7
LH:7
end_of_record
SF:lib\models\auth_session.dart
DA:4,4
LF:1
LH:1
end_of_record
SF:lib\providers\app_providers.dart
DA:10,25
DA:11,20
DA:12,9
DA:13,6
DA:15,12
DA:17,12
DA:25,4
DA:27,12
DA:28,24
DA:30,4
DA:31,8
DA:33,8
DA:35,4
DA:36,16
DA:37,16
DA:38,0
DA:41,0
DA:42,0
DA:51,4
DA:52,8
DA:53,4
DA:55,4
DA:56,12
DA:57,24
DA:60,0
DA:61,0
DA:67,4
DA:68,12
DA:69,4
DA:72,4
DA:73,12
DA:74,4
DA:77,4
DA:78,12
DA:79,4
DA:82,0
DA:83,0
DA:84,0
DA:87,0
DA:88,0
DA:89,0
DA:92,2
DA:94,0
DA:95,0
DA:96,0
LF:45
LH:31
end_of_record
SF:lib\services\api_exception.dart
DA:4,10
DA:14,9
DA:15,3
DA:17,5
DA:22,5
DA:23,5
DA:25,5
DA:26,10
DA:30,5
DA:31,5
DA:33,4
DA:34,8
DA:35,8
DA:36,4
DA:37,4
DA:38,8
DA:39,12
DA:40,0
DA:41,0
LF:19
LH:17
end_of_record
SF:lib\services\api_service.dart
DA:15,0
DA:29,19
DA:32,10
DA:34,0
DA:36,0
DA:37,0
DA:41,0
DA:43,0
DA:44,0
DA:46,0
DA:47,0
DA:50,0
DA:52,0
DA:57,1
DA:58,2
DA:60,1
DA:63,1
DA:71,1
DA:72,1
DA:74,1
DA:75,1
DA:76,1
DA:77,0
DA:79,1
DA:80,1
DA:81,0
DA:82,1
DA:84,1
DA:85,1
DA:86,1
DA:87,1
DA:88,1
DA:90,0
DA:91,0
DA:92,0
DA:94,0
DA:98,0
DA:102,0
DA:105,0
DA:107,0
DA:108,0
DA:109,0
DA:110,0
DA:111,0
DA:112,0
DA:114,0
DA:118,0
DA:123,0
DA:126,0
DA:128,0
DA:129,0
DA:130,0
DA:131,0
DA:132,0
DA:133,0
DA:135,0
DA:139,0
DA:140,0
DA:141,0
DA:142,0
DA:144,0
DA:145,0
DA:146,0
DA:147,0
DA:150,2
DA:151,2
DA:157,1
DA:158,1
DA:160,1
DA:161,1
DA:162,1
DA:163,0
DA:166,1
DA:170,1
DA:174,1
DA:176,2
DA:179,0
DA:180,0
DA:188,2
DA:197,6
DA:202,4
DA:204,2
DA:205,2
DA:206,4
DA:207,1
DA:209,2
DA:212,2
DA:217,2
DA:218,4
DA:219,4
DA:223,0
DA:225,0
DA:227,0
DA:228,0
DA:231,1
DA:232,2
DA:235,1
DA:236,1
DA:242,0
DA:243,0
DA:244,0
DA:249,5
DA:263,5
DA:264,5
DA:268,4
DA:271,1
DA:272,1
LF:107
LH:52
end_of_record
SF:lib\auth\auth_repository.dart
DA:5,5
DA:9,5
DA:10,10
DA:13,1
DA:18,2
LF:5
LH:5
end_of_record
SF:lib\config\api_config.dart
DA:8,20
DA:9,11
DA:10,11
DA:11,22
DA:12,11
DA:13,22
DA:14,11
DA:15,11
DA:16,22
DA:17,11
DA:19,22
DA:20,33
DA:21,1
LF:13
LH:13
end_of_record
SF:lib\models\address.dart
DA:2,0
DA:14,0
DA:15,0
DA:16,0
DA:17,0
DA:18,0
DA:19,0
LF:7
LH:0
end_of_record
SF:lib\models\order.dart
DA:7,2
DA:20,2
DA:21,2
DA:22,2
DA:24,2
DA:25,4
DA:26,2
DA:31,10
DA:45,4
DA:46,8
DA:47,0
DA:48,0
DA:49,0
DA:50,0
DA:52,5
DA:61,5
DA:62,5
DA:63,5
DA:64,5
DA:65,5
DA:66,5
DA:70,2
DA:71,2
DA:72,2
DA:73,2
DA:74,2
DA:75,2
DA:76,4
DA:82,14
DA:83,14
DA:84,14
DA:85,14
DA:86,10
DA:87,10
DA:90,12
DA:91,6
DA:92,6
DA:93,6
DA:94,6
DA:96,3
DA:97,6
DA:99,1
DA:100,2
LF:43
LH:39
end_of_record
SF:lib\models\order.g.dart
DA:9,4
DA:10,2
DA:11,2
DA:12,4
DA:13,2
DA:16,1
DA:17,1
DA:18,1
DA:19,1
DA:20,1
DA:21,1
LF:11
LH:11
end_of_record
SF:lib\models\order_evidence.dart
DA:2,1
DA:5,4
DA:6,2
DA:7,1
DA:8,1
DA:13,1
DA:25,2
DA:26,1
DA:27,1
DA:28,1
DA:29,1
DA:30,1
DA:32,2
DA:33,2
DA:34,2
DA:35,2
DA:36,1
DA:37,2
LF:18
LH:18
end_of_record
SF:lib\models\product.dart
DA:6,1
DA:31,1
DA:32,1
DA:33,10
DA:34,1
DA:35,2
DA:36,5
DA:37,2
DA:39,1
DA:40,2
DA:41,2
DA:44,1
DA:45,2
DA:46,0
LF:14
LH:13
end_of_record
SF:lib\models\product.g.dart
DA:9,2
DA:10,1
DA:11,1
DA:12,2
DA:13,2
DA:14,1
DA:15,1
DA:16,2
DA:19,10
DA:20,5
DA:21,5
DA:22,5
DA:23,5
DA:24,5
DA:25,5
DA:26,10
LF:16
LH:16
end_of_record
SF:lib\orders\evidence_store.dart
DA:12,7
DA:16,5
DA:17,15
DA:18,12
DA:19,0
DA:20,0
DA:21,3
DA:22,6
DA:23,0
DA:24,0
DA:26,0
DA:27,0
DA:29,0
DA:30,0
DA:31,0
DA:32,0
DA:34,0
DA:35,0
DA:36,0
DA:37,0
DA:40,0
DA:41,0
DA:42,0
DA:43,0
DA:44,0
DA:47,0
DA:48,0
DA:49,0
DA:50,0
DA:51,0
DA:52,0
DA:53,0
DA:54,0
DA:56,0
DA:57,0
DA:60,4
DA:61,8
DA:64,8
DA:67,8
DA:68,0
DA:69,16
DA:71,3
DA:72,5
DA:73,1
DA:74,2
DA:75,4
LF:46
LH:16
end_of_record
SF:lib\services\order_native_service.dart
DA:10,0
DA:20,0
DA:22,0
DA:23,0
DA:24,0
DA:25,0
DA:28,0
DA:29,0
DA:30,0
DA:31,0
DA:32,0
DA:36,0
DA:40,0
DA:41,0
DA:42,0
DA:43,0
DA:46,0
DA:48,0
DA:49,0
DA:51,0
DA:52,0
DA:54,0
DA:55,0
DA:62,0
DA:65,0
DA:67,0
DA:68,0
DA:70,0
DA:76,0
DA:77,0
DA:78,0
DA:79,0
DA:80,0
DA:81,0
DA:82,0
DA:86,0
DA:87,0
LF:37
LH:0
end_of_record
SF:lib\services\api_client.dart
DA:10,11
DA:20,11
DA:22,8
DA:23,11
DA:24,11
DA:25,33
DA:31,6
DA:32,11
DA:34,33
DA:35,11
DA:36,2
DA:38,16
DA:39,0
DA:41,6
DA:42,4
DA:43,6
DA:44,6
DA:45,6
DA:46,4
DA:47,0
DA:48,0
DA:55,8
DA:57,4
DA:59,2
DA:61,0
DA:62,0
DA:66,2
DA:67,8
DA:68,2
DA:70,7
DA:71,7
DA:72,5
DA:73,1
DA:75,2
DA:76,2
DA:78,3
DA:79,1
DA:80,2
DA:81,3
DA:84,5
DA:85,3
DA:87,2
DA:88,0
DA:89,0
DA:91,0
DA:94,2
DA:95,8
DA:97,2
DA:101,4
DA:102,4
DA:103,3
DA:105,2
DA:106,1
DA:107,1
DA:123,3
DA:124,12
DA:125,6
DA:129,0
DA:130,0
DA:131,0
DA:132,0
DA:133,0
DA:135,0
DA:136,0
DA:137,0
DA:138,0
DA:139,0
DA:140,0
DA:141,0
DA:142,0
DA:147,3
DA:148,6
DA:149,3
DA:150,6
DA:151,9
DA:154,1
DA:155,2
DA:156,1
DA:157,1
DA:161,2
DA:165,1
DA:166,1
DA:168,2
DA:169,2
DA:170,0
DA:172,2
DA:174,2
DA:176,3
DA:177,2
DA:178,1
DA:179,1
DA:180,1
DA:181,1
DA:182,1
DA:184,4
DA:185,0
DA:187,2
DA:188,2
DA:189,2
DA:190,2
DA:191,3
DA:193,2
DA:195,3
DA:200,2
DA:201,4
DA:202,4
DA:203,6
DA:204,2
DA:207,3
DA:208,2
DA:209,3
DA:210,1
DA:212,2
DA:215,2
DA:216,3
DA:217,2
DA:220,3
DA:223,1
DA:231,2
DA:232,1
DA:234,2
DA:235,4
LF:122
LH:99
end_of_record
SF:lib\storage\session_storage.dart
DA:13,3
DA:16,1
DA:18,1
DA:21,1
DA:22,1
DA:23,2
DA:24,1
DA:25,1
DA:26,1
DA:29,1
DA:34,1
DA:35,1
DA:37,2
DA:38,1
DA:39,2
DA:40,2
DA:41,2
DA:42,2
DA:44,1
DA:45,1
DA:46,1
DA:49,3
DA:50,3
LF:23
LH:23
end_of_record
SF:lib\services\api_error_translator.dart
DA:7,0
DA:9,5
DA:11,5
DA:12,5
DA:13,5
DA:14,5
DA:15,5
DA:16,2
DA:21,2
DA:22,2
DA:23,2
DA:27,4
DA:30,4
DA:34,0
DA:37,0
DA:40,0
LF:16
LH:12
end_of_record
SF:lib\state\remote_state.dart
DA:2,6
DA:6,1
DA:10,1
DA:14,6
DA:22,1
DA:28,3
LF:6
LH:6
end_of_record
SF:lib\products\product_repository.dart
DA:8,5
DA:10,10
DA:12,5
DA:18,5
DA:19,5
DA:20,5
DA:22,25
DA:28,6
DA:30,15
DA:31,0
DA:35,5
DA:48,6
DA:51,5
DA:52,10
DA:54,1
DA:56,10
DA:57,5
DA:60,15
DA:64,10
DA:66,1
DA:69,2
DA:72,0
DA:74,0
DA:75,0
LF:24
LH:20
end_of_record
SF:lib\config\app_demo_config.dart
DA:4,0
DA:11,5
DA:12,5
DA:13,5
DA:14,5
DA:15,5
DA:20,6
LF:7
LH:6
end_of_record
SF:lib\products\products_controller.dart
DA:10,10
DA:11,5
DA:18,2
DA:19,4
DA:20,8
DA:23,4
DA:25,12
DA:26,4
DA:28,8
DA:32,4
DA:33,8
DA:34,16
DA:35,4
DA:37,8
DA:39,8
DA:40,0
DA:46,8
DA:47,0
DA:51,4
DA:52,16
DA:53,4
DA:56,12
DA:57,12
DA:58,8
DA:59,0
DA:60,8
DA:62,12
DA:64,0
DA:65,0
DA:66,0
DA:71,1
DA:72,1
DA:73,1
DA:74,2
DA:75,2
LF:35
LH:29
end_of_record
SF:lib\screens\products_screen.dart
DA:18,0
DA:20,2
DA:21,2
DA:32,2
DA:34,2
DA:35,10
DA:38,2
DA:40,4
DA:41,4
DA:42,2
DA:45,0
DA:46,0
DA:47,0
DA:49,0
DA:50,0
DA:52,0
DA:53,0
DA:54,0
DA:55,0
DA:56,0
DA:60,2
DA:62,2
DA:63,6
DA:65,4
DA:68,2
DA:69,2
DA:71,2
DA:72,2
DA:74,2
DA:75,2
DA:77,0
DA:80,2
DA:82,0
DA:87,2
DA:88,2
DA:89,0
DA:90,2
DA:91,2
DA:92,2
DA:93,4
DA:94,2
DA:95,2
DA:96,2
DA:98,2
DA:100,2
DA:101,2
DA:102,2
DA:103,0
DA:104,6
DA:106,0
DA:107,0
DA:108,0
DA:110,2
DA:111,2
DA:112,2
DA:113,2
DA:114,2
DA:115,2
DA:117,2
DA:118,0
DA:119,0
DA:120,0
DA:124,4
DA:125,2
DA:126,2
DA:127,0
DA:129,0
DA:131,2
DA:134,2
DA:135,3
DA:136,1
DA:138,4
DA:152,2
DA:153,8
DA:154,2
DA:157,4
DA:159,2
DA:161,0
DA:164,2
DA:167,2
DA:170,6
DA:171,2
DA:172,5
DA:173,2
DA:174,2
DA:175,2
DA:181,2
DA:191,2
DA:193,2
DA:194,2
DA:195,2
DA:200,4
DA:204,1
DA:206,4
DA:211,2
DA:212,4
DA:218,4
DA:224,2
DA:252,2
DA:254,2
DA:255,4
DA:256,6
DA:258,2
DA:260,2
DA:261,2
DA:263,6
DA:265,4
DA:266,2
DA:267,2
DA:270,6
DA:272,4
DA:273,2
DA:275,8
DA:276,2
DA:280,4
DA:281,2
DA:284,2
DA:285,2
DA:287,2
DA:289,0
DA:291,0
DA:292,0
DA:297,4
DA:298,2
DA:299,2
DA:300,2
DA:301,2
DA:303,4
DA:304,2
DA:305,2
DA:306,2
DA:307,2
DA:309,4
DA:310,2
DA:312,2
DA:314,0
DA:322,2
DA:323,2
DA:324,2
DA:325,0
DA:327,2
DA:332,2
DA:342,2
DA:344,2
DA:346,2
DA:348,2
DA:349,2
DA:350,2
DA:352,2
DA:353,0
DA:355,3
DA:356,2
DA:357,1
DA:359,2
DA:360,0
DA:370,2
DA:380,2
DA:382,2
DA:383,4
DA:384,4
DA:387,2
DA:388,2
DA:389,2
DA:390,2
DA:391,2
DA:392,4
DA:393,6
DA:395,2
DA:396,4
DA:397,2
DA:398,2
DA:399,2
DA:402,2
DA:403,2
DA:405,2
DA:406,2
DA:408,2
DA:411,4
DA:412,8
DA:415,2
DA:416,2
DA:418,2
DA:420,2
DA:421,0
DA:431,2
DA:435,2
DA:437,2
DA:439,2
DA:440,2
DA:441,2
DA:442,4
DA:443,2
DA:444,2
DA:446,8
DA:448,2
DA:451,2
DA:452,2
DA:453,2
DA:455,2
DA:456,2
DA:457,2
DA:458,2
DA:459,2
DA:460,2
DA:461,2
DA:462,0
DA:463,0
LF:207
LH:173
end_of_record
SF:lib\theme\app_tokens.dart
DA:7,1
DA:41,0
DA:53,0
DA:54,0
DA:55,0
DA:56,0
DA:57,0
DA:58,0
DA:59,0
DA:60,0
DA:61,0
DA:62,0
DA:66,0
DA:68,0
DA:70,0
DA:71,0
DA:72,0
DA:73,0
DA:74,0
DA:75,0
DA:76,0
DA:77,0
DA:78,0
DA:79,0
DA:83,0
DA:84,0
DA:85,0
DA:91,6
DA:92,12
LF:29
LH:3
end_of_record
SF:lib\widgets\app_text_field.dart
DA:4,5
DA:37,5
DA:39,5
DA:40,5
DA:41,5
DA:42,5
DA:43,5
DA:44,5
DA:45,5
DA:46,5
DA:47,5
DA:48,5
DA:49,5
DA:50,5
DA:51,5
DA:53,5
DA:54,5
DA:55,5
LF:18
LH:18
end_of_record
SF:lib\widgets\app_primary_button.dart
DA:6,6
DA:21,6
DA:23,6
DA:24,18
DA:26,6
DA:27,6
DA:32,6
DA:35,14
DA:36,6
DA:37,6
DA:38,6
DA:40,6
DA:41,6
DA:42,6
DA:45,6
DA:46,6
DA:47,6
DA:54,6
DA:57,6
DA:58,12
DA:59,6
DA:60,12
DA:62,6
LF:23
LH:23
end_of_record
SF:lib\widgets\category_filter_chip.dart
DA:6,3
DA:17,3
DA:19,3
DA:20,6
DA:22,3
DA:24,3
DA:25,13
DA:26,3
DA:27,6
DA:28,3
DA:29,3
DA:32,12
DA:33,8
DA:35,3
DA:36,3
DA:37,3
DA:38,10
DA:40,3
DA:41,6
DA:43,3
DA:44,3
DA:45,3
LF:22
LH:22
end_of_record
SF:lib\widgets\product_card.dart
DA:7,3
DA:30,3
DA:32,3
DA:33,6
DA:34,9
DA:35,12
DA:37,3
DA:38,3
DA:40,9
DA:41,3
DA:43,6
DA:44,3
DA:45,3
DA:46,6
DA:47,3
DA:48,6
DA:49,3
DA:51,3
DA:52,9
DA:53,6
DA:54,3
DA:55,3
DA:57,3
DA:58,3
DA:59,3
DA:62,9
DA:64,5
DA:65,4
DA:66,4
DA:68,3
DA:69,0
DA:70,0
DA:71,0
DA:74,0
DA:77,6
DA:78,3
DA:80,9
DA:81,6
DA:83,6
DA:84,3
DA:85,3
DA:86,3
DA:87,6
DA:91,6
DA:93,1
DA:95,6
DA:96,3
DA:97,3
DA:99,9
DA:100,3
DA:110,5
DA:111,4
DA:112,2
DA:113,4
DA:114,2
DA:127,2
DA:131,2
DA:133,2
DA:135,2
DA:136,2
DA:137,2
DA:138,2
DA:140,2
DA:142,4
DA:144,2
DA:145,2
DA:146,2
DA:148,6
DA:155,3
DA:160,3
DA:162,3
DA:163,3
DA:164,6
DA:166,3
DA:167,3
DA:170,3
DA:172,6
DA:173,9
DA:175,3
DA:177,3
DA:183,0
DA:184,0
DA:185,0
DA:186,0
DA:190,0
DA:194,0
DA:196,0
LF:87
LH:76
end_of_record
SF:lib\widgets\state_view.dart
DA:10,4
DA:27,3
DA:29,3
DA:30,3
DA:31,3
DA:32,3
DA:33,2
DA:35,3
DA:36,12
DA:37,3
DA:38,8
DA:40,3
DA:41,9
DA:42,9
DA:43,6
DA:46,3
DA:48,6
DA:49,3
DA:50,3
DA:51,6
DA:52,3
DA:54,3
DA:55,6
DA:56,3
DA:58,6
DA:59,6
DA:60,5
DA:61,2
DA:62,2
DA:64,6
DA:66,4
DA:68,3
DA:69,3
DA:71,9
DA:73,7
DA:74,10
DA:75,4
DA:76,2
DA:77,2
DA:78,2
LF:40
LH:40
end_of_record
SF:lib\theme\app_colors.dart
DA:4,0
LF:1
LH:0
end_of_record
SF:lib\theme\app_theme.dart
DA:7,0
DA:9,5
DA:10,5
DA:30,5
DA:34,5
DA:43,5
DA:46,5
DA:47,10
DA:50,5
DA:51,5
DA:53,5
DA:54,5
DA:55,5
DA:60,5
DA:64,5
DA:65,10
LF:16
LH:15
end_of_record
SF:lib\orders\order_repository.dart
DA:14,12
DA:15,6
DA:16,12
DA:17,3
DA:20,6
DA:21,6
DA:22,6
DA:23,24
DA:25,15
DA:29,6
DA:34,4
DA:43,1
DA:48,1
DA:51,1
DA:54,1
DA:55,1
DA:57,2
DA:59,1
DA:62,1
DA:66,2
DA:67,2
DA:69,5
DA:74,5
DA:77,5
DA:79,10
DA:80,5
DA:81,4
DA:87,2
DA:88,5
DA:89,15
DA:90,1
DA:92,15
DA:93,1
DA:95,15
DA:96,10
DA:97,1
DA:99,5
DA:100,2
DA:106,1
DA:113,10
DA:114,2
DA:115,2
DA:116,2
DA:117,4
DA:123,5
DA:124,10
DA:126,10
DA:127,9
DA:128,6
DA:130,4
DA:131,4
DA:132,6
DA:133,6
DA:134,6
DA:143,5
DA:147,6
DA:148,12
DA:155,0
DA:156,0
DA:159,0
DA:160,0
DA:163,3
DA:164,3
DA:165,6
DA:166,4
DA:167,4
LF:66
LH:62
end_of_record
SF:lib\addresses\addresses_provider.dart
DA:9,12
DA:12,9
DA:19,6
DA:20,6
DA:21,3
DA:23,3
DA:24,0
DA:25,0
DA:26,0
DA:28,0
LF:10
LH:6
end_of_record
SF:lib\services\app_logger.dart
DA:15,2
DA:16,1
DA:17,2
DA:21,2
DA:27,2
DA:28,4
DA:29,4
DA:30,4
DA:31,4
DA:32,4
DA:33,4
LF:11
LH:11
end_of_record
SF:lib\orders\orders_controller.dart
DA:11,9
DA:12,6
DA:13,6
DA:14,3
DA:15,6
DA:16,3
DA:17,18
DA:21,12
DA:22,15
DA:24,12
DA:28,6
DA:29,3
DA:34,3
DA:36,9
DA:37,0
DA:38,0
DA:44,1
DA:45,4
DA:47,0
DA:51,1
DA:53,1
DA:54,2
DA:55,4
DA:56,1
DA:57,2
DA:58,2
DA:59,3
DA:60,7
DA:61,2
DA:64,2
DA:66,0
DA:67,1
DA:68,3
DA:69,1
DA:70,0
DA:72,4
DA:74,0
DA:80,3
DA:84,12
DA:91,9
DA:93,1
DA:94,2
DA:95,1
DA:98,2
DA:99,4
DA:100,2
DA:103,0
DA:104,0
DA:105,0
DA:108,0
DA:109,0
DA:110,0
DA:111,3
DA:112,9
DA:113,3
DA:114,0
DA:116,3
DA:117,3
DA:118,3
DA:119,3
DA:130,4
DA:144,0
DA:145,0
DA:151,4
DA:155,4
DA:163,0
DA:164,0
DA:166,0
DA:167,0
DA:168,0
LF:70
LH:50
end_of_record
SF:lib\screens\create_order_screen.dart
DA:19,0
DA:21,3
DA:22,3
DA:35,3
DA:37,3
DA:38,9
DA:39,9
DA:40,7
DA:41,2
DA:42,0
DA:47,3
DA:49,6
DA:50,6
DA:51,3
DA:54,3
DA:55,3
DA:56,3
DA:57,1
DA:60,6
DA:61,3
DA:62,3
DA:64,9
DA:65,2
DA:69,6
DA:70,2
DA:71,6
DA:72,2
DA:73,6
DA:76,2
DA:77,6
DA:79,2
DA:80,0
DA:83,0
DA:87,4
DA:88,6
DA:91,2
DA:92,4
DA:94,6
DA:96,6
DA:99,3
DA:101,3
DA:102,9
DA:103,9
DA:104,9
DA:105,9
DA:106,0
DA:107,0
DA:108,0
DA:112,3
DA:113,3
DA:115,3
DA:117,0
DA:121,3
DA:122,3
DA:123,6
DA:124,3
DA:125,3
DA:127,3
DA:128,3
DA:129,3
DA:131,3
DA:132,3
DA:134,9
DA:136,6
DA:137,3
DA:138,0
DA:139,0
DA:140,0
DA:141,0
DA:144,0
DA:146,3
DA:147,3
DA:148,9
DA:149,6
DA:150,0
DA:151,0
DA:152,0
DA:153,0
DA:156,6
DA:157,3
DA:159,9
DA:161,12
DA:162,0
DA:163,0
DA:164,0
DA:165,0
DA:168,6
DA:169,3
DA:170,3
DA:172,3
DA:173,3
DA:175,6
DA:177,0
DA:178,0
DA:179,0
DA:180,0
DA:182,3
DA:183,3
DA:184,3
DA:185,6
DA:186,2
DA:188,3
DA:194,3
DA:197,2
DA:203,6
DA:204,3
DA:205,3
DA:206,0
DA:207,0
DA:209,6
DA:210,3
DA:212,3
DA:213,6
DA:216,6
DA:217,6
DA:218,3
DA:219,3
DA:221,2
DA:239,3
DA:251,3
DA:253,3
DA:254,6
DA:258,3
DA:260,18
DA:261,3
DA:263,3
DA:266,3
DA:267,3
DA:268,3
DA:269,3
DA:270,3
DA:271,9
DA:277,6
DA:278,3
DA:279,3
DA:280,3
DA:288,3
DA:300,3
DA:302,3
DA:303,6
DA:307,3
DA:309,18
DA:310,3
DA:312,3
DA:315,3
DA:316,3
DA:317,3
DA:318,3
DA:319,3
DA:320,12
DA:326,6
DA:327,3
DA:328,3
DA:329,3
LF:154
LH:127
end_of_record
SF:lib\widgets\order_native_section.dart
DA:11,3
DA:18,3
DA:19,3
DA:29,3
DA:31,3
DA:32,6
DA:33,12
DA:36,3
DA:37,3
DA:38,18
DA:40,9
DA:41,9
DA:43,3
DA:44,0
DA:46,0
DA:49,0
DA:50,0
DA:53,0
DA:54,0
DA:55,0
DA:56,0
DA:59,0
DA:60,0
DA:61,0
DA:62,0
DA:64,0
DA:65,0
DA:66,0
DA:73,3
DA:75,6
DA:76,3
DA:79,0
DA:81,0
DA:83,0
DA:84,0
DA:85,0
DA:90,0
DA:91,0
DA:92,0
DA:93,0
DA:94,0
DA:95,0
DA:100,0
DA:101,0
DA:102,0
DA:105,0
DA:106,0
DA:114,0
DA:116,0
DA:117,0
DA:118,0
DA:120,0
DA:121,0
DA:123,0
DA:125,0
DA:127,0
DA:128,0
DA:129,0
DA:134,0
DA:135,0
DA:137,0
DA:139,0
DA:141,0
DA:145,0
DA:146,0
DA:147,0
DA:148,0
DA:150,0
DA:155,0
DA:156,0
DA:157,0
DA:160,0
DA:161,0
DA:167,0
DA:168,0
DA:169,0
DA:170,0
DA:179,0
DA:180,0
DA:181,0
DA:183,0
DA:184,0
DA:185,0
DA:186,0
DA:187,0
DA:188,0
DA:189,0
DA:191,0
DA:193,0
DA:194,0
DA:196,0
DA:197,0
DA:198,0
DA:199,0
DA:205,0
DA:208,0
DA:209,0
DA:210,0
DA:213,0
DA:216,0
DA:217,0
DA:218,0
DA:219,0
DA:222,0
DA:223,0
DA:224,0
DA:227,0
DA:228,0
DA:229,0
DA:230,0
DA:232,0
DA:235,0
DA:236,0
DA:237,0
DA:238,0
DA:242,0
DA:243,0
DA:244,0
DA:245,0
DA:246,0
DA:247,0
DA:248,0
DA:252,0
DA:253,0
DA:258,0
DA:259,0
DA:260,0
DA:262,0
DA:264,0
DA:266,0
DA:271,0
DA:272,0
DA:273,0
DA:279,0
DA:281,0
DA:282,0
DA:286,0
DA:287,0
DA:288,0
DA:289,0
DA:290,0
DA:291,0
DA:293,0
DA:295,0
DA:298,0
DA:299,0
DA:300,0
DA:307,3
DA:309,9
DA:310,9
DA:311,9
DA:312,3
DA:314,3
DA:315,3
DA:317,9
DA:322,3
DA:324,3
DA:325,3
DA:326,3
DA:327,0
DA:331,3
DA:332,0
DA:337,3
DA:338,0
DA:339,0
DA:343,0
DA:347,0
DA:348,0
DA:352,3
DA:353,3
DA:354,3
DA:355,0
DA:359,3
DA:360,0
DA:361,0
DA:365,0
DA:367,0
DA:372,3
DA:373,3
DA:374,0
DA:375,0
LF:181
LH:36
end_of_record
SF:lib\router\app_router.dart
DA:15,4
DA:16,1
DA:17,2
DA:18,4
DA:20,1
DA:23,1
DA:24,2
DA:25,1
DA:26,2
DA:28,2
DA:29,2
DA:30,3
DA:33,2
DA:37,3
DA:38,1
DA:43,1
DA:44,1
DA:46,2
DA:47,4
DA:50,1
DA:52,0
DA:53,0
DA:56,1
DA:58,1
DA:59,1
DA:60,1
DA:62,0
DA:63,0
DA:68,1
DA:70,1
DA:71,1
DA:72,1
DA:74,0
DA:78,1
DA:80,0
DA:86,1
DA:87,1
DA:88,1
DA:89,1
DA:92,1
DA:93,1
DA:94,1
DA:95,1
DA:96,2
DA:97,2
DA:102,2
LF:46
LH:40
end_of_record
SF:lib\screens\login_screen.dart
DA:12,1
DA:16,1
DA:17,1
DA:26,1
DA:28,2
DA:29,2
DA:30,1
DA:33,1
DA:34,3
DA:35,1
DA:36,3
DA:37,1
DA:38,3
DA:39,2
DA:41,1
DA:42,4
DA:45,1
DA:47,1
DA:48,3
DA:49,1
DA:51,1
DA:52,2
DA:56,1
DA:57,1
DA:58,1
DA:59,1
DA:60,1
DA:61,2
DA:62,1
DA:64,1
DA:65,1
DA:66,1
DA:68,1
DA:69,1
DA:71,3
DA:73,2
DA:74,1
DA:76,3
DA:78,0
DA:79,0
DA:80,0
DA:82,0
DA:83,0
DA:87,2
DA:88,1
DA:90,1
DA:93,1
DA:94,1
DA:95,1
DA:98,1
DA:104,2
DA:105,1
DA:107,1
DA:108,1
DA:110,1
DA:111,1
DA:114,0
DA:115,0
DA:117,1
DA:118,1
DA:123,1
DA:124,1
DA:130,2
DA:131,1
DA:134,1
DA:137,2
DA:138,1
DA:141,0
DA:142,0
DA:144,0
LF:70
LH:60
end_of_record
SF:lib\screens\product_detail_screen.dart
DA:14,1
DA:18,1
DA:20,2
DA:22,3
DA:23,2
DA:25,1
DA:26,1
DA:28,1
DA:30,0
DA:34,1
DA:35,1
DA:36,3
DA:37,1
DA:38,1
DA:40,1
DA:43,0
DA:44,0
DA:55,1
DA:65,1
DA:67,1
DA:69,1
DA:70,1
DA:71,1
DA:76,1
DA:80,0
DA:82,1
DA:87,1
DA:88,1
DA:94,1
DA:96,1
DA:97,1
DA:98,2
DA:99,2
DA:100,2
DA:101,2
DA:102,2
DA:103,2
DA:105,2
DA:106,1
DA:108,0
LF:40
LH:35
end_of_record
SF:lib\screens\orders_screen.dart
DA:14,1
DA:16,1
DA:17,1
DA:21,1
DA:23,1
DA:24,7
DA:27,1
DA:29,3
DA:30,4
DA:32,1
DA:33,1
DA:35,1
DA:37,0
DA:41,1
DA:43,0
DA:46,1
DA:47,1
DA:48,3
DA:49,1
DA:50,1
DA:52,0
DA:53,0
DA:55,0
DA:56,0
DA:57,0
DA:58,0
DA:62,0
DA:63,0
DA:64,0
DA:65,0
DA:66,0
DA:67,0
DA:68,0
DA:69,0
DA:71,0
DA:76,0
DA:77,0
DA:78,0
DA:79,0
DA:82,0
DA:83,0
DA:84,0
DA:90,0
DA:94,0
DA:95,0
DA:96,0
DA:97,0
DA:99,0
DA:100,0
DA:118,1
DA:119,1
DA:120,0
DA:121,0
DA:122,1
DA:124,0
DA:125,0
DA:138,1
DA:143,1
DA:145,1
DA:147,1
DA:148,1
DA:149,1
DA:154,1
DA:158,0
DA:160,3
DA:164,1
DA:166,0
DA:170,0
DA:171,0
DA:172,0
DA:173,0
DA:174,0
DA:175,0
DA:176,0
DA:178,0
DA:179,0
DA:180,0
LF:77
LH:30
end_of_record
SF:lib\screens\profile_screen.dart
DA:13,1
DA:15,0
DA:16,0
DA:22,0
DA:23,0
DA:26,0
DA:27,0
DA:28,0
DA:30,0
DA:31,0
DA:32,0
DA:35,0
DA:39,0
DA:41,0
DA:42,0
DA:43,0
DA:45,0
DA:46,0
DA:48,0
DA:50,0
DA:54,0
DA:55,0
DA:56,0
DA:57,0
DA:58,0
DA:60,0
DA:62,0
DA:63,0
DA:65,0
DA:67,0
DA:68,0
DA:69,0
DA:71,0
DA:72,0
DA:74,0
DA:75,0
DA:77,0
DA:80,0
DA:81,0
DA:82,0
DA:84,0
DA:85,0
DA:86,0
DA:87,0
DA:88,0
DA:93,0
DA:94,0
LF:47
LH:1
end_of_record
SF:lib\screens\register_screen.dart
DA:12,0
DA:16,0
DA:17,0
DA:27,0
DA:29,0
DA:30,0
DA:31,0
DA:32,0
DA:35,0
DA:36,0
DA:37,0
DA:38,0
DA:39,0
DA:40,0
DA:41,0
DA:42,0
DA:44,0
DA:45,0
DA:48,0
DA:50,0
DA:51,0
DA:52,0
DA:54,0
DA:55,0
DA:59,0
DA:60,0
DA:62,0
DA:64,0
DA:68,0
DA:69,0
DA:70,0
DA:71,0
DA:72,0
DA:74,0
DA:75,0
DA:76,0
DA:78,0
DA:79,0
DA:81,0
DA:83,0
DA:84,0
DA:86,0
DA:88,0
DA:89,0
DA:90,0
DA:92,0
DA:93,0
DA:97,0
DA:98,0
DA:100,0
DA:103,0
DA:104,0
DA:105,0
DA:106,0
DA:109,0
DA:115,0
DA:116,0
DA:118,0
DA:121,0
DA:122,0
DA:123,0
DA:126,0
DA:132,0
DA:133,0
DA:135,0
DA:136,0
DA:138,0
DA:139,0
DA:142,0
DA:143,0
DA:145,0
DA:146,0
DA:151,0
DA:153,0
DA:154,0
DA:157,0
DA:160,0
DA:166,0
DA:167,0
DA:170,0
DA:173,0
DA:174,0
DA:177,0
DA:178,0
DA:180,0
LF:85
LH:0
end_of_record
